1  docker stop centos7
    2  docker start centos7
    3  ls -a
    4  ls -l
    5  ls -la
    6  ls /
    7  ls /usr
    8  pwd
    9  cd ~
   10  pwd
   11  cd /
   12  pwd
   13  cd -
   14  pwd
   15  cd /root
   16  pwd
   17  cd usr
   18  cd /usr
   19  pwd
   20  cd /home
   21  pwd
   22  mkdir test1
   23  ls
   24  pwd
   25  mkdir test2/test3
   26  mkdir -p test2/test3
   27  ls
   28  ls test2
   29  cd /home
   30  touch test1/index.php
   31  ls test1
   32  cd /home/test1 && ls
   33  cd /home/test1
   34  cp index.php copy.php
   35  ls
   36  cd /home
   37  cp -r test1 test4
   38  s
   39  ls
   40  ls test4
   41  cd /home
   42  mv test2/test3 test3
   43  ls
   44  cd /home
   45  mv test4 test1_copy
   46  ls
   47  cd /home
   48  ls test1
   49  rm test1/copy.php
   50  ls test1
   51  cd /home 
   52  rm -r test3
   53  ls
   54  cd /home
   55  rm test1_copy/*.php
   56  ls test1_copy
   57  cat README.md
   58  cd /home
   59  echo '# Hello World' > README.md
   60  cat README.md
   61  echo '# Server Lesson' > README.md
   62  cat README.md
   63  cd /home
   64  echo 'Linux Practice' >> README.md
   65  echo '----------------' >> README.md
   66  cat README.md
   67  cd /home
   68  vi README.md
   69  cd /root
   70  mkdir server_lesson && cd server_lesson
   71  yum update -y && yum -y install git
   72  git verion
   73  git version
   74  git init
   75  touch first.txt
   76  ls
   77  pwd
   78  mkdir server_lesson/linux_practice1
   79  mkdir linux_practice1
   80  pwd
   81  ls
   82  ls /
   83  ls /root
   84  ls /server_lesson
   85  pwd
   86  ls
   87  cd linux_practice1
   88  pwd
   89  mkdir public
   90  pwd
   91  cd public
   92  pwd
   93  touch index.php
   94  ls
   95  pwd
   96  cd index.php
   97  pwd
   98  cp index.php index_bk.php
   99  ls
  100  pwd
  101  cp -r public tmp
  102  ls
  103  ls /root
  104  ls /root/server_lesson
  105  ls /root/server_lesson/linux_practice1
  106  ls /root/server_lesson/linux_practice1/public
  107  ls /root/server_lesson/linux_practice1/public/index_bk.php
  108  cd /root/server_lesson/linux_practice1
  109  ls
  110  cp -r public tmp
  111  ls
  112  cd /root/server_lesson/linux_practice1/tmp
  113  ls
  114  cd /tmp
  115  ls
  116  cd /root/server_lesson/linux_practice1/tmp
  117  ls
  118  rm index_bk.php
  119  ls
  120  cd /root/server_lesson
  121  touch README.md
  122  ls
  123  vi README.md
  124  cd /root/server_lesson
  125  ls
  126  mkdir linux_practice2
  127  ls
  128  cd /root/server_lesson/linux_lesson2
  129  cd /root/server_lesson/linux_practice2
  130  mkdir documents
  131  ls
  132  cd /root/server_lesson/linux_practice2/documents
  133  ls
  134  touch {gizumo01.md,gizumo02.md}
  135  ls
  136  touch {{gizumo03.md,gizumo04.md,gizumo05.md,gizumo06.md,gizumo07.md,gizumo08.md,gizumo09.md,gizumo10.md}
  137  ls
  138  rename {gizumo gizumo {gizumo*.md
  139  ls
  140  touch {gizumo11.md,gizumo12.md,gizumo13.md,gizumo14.md,gizumo15.md,gizumo16.md,gizumo17.md,gizumo18.md,gizumo19.md,gizumo20.md}
  141  ls
  142  touch {gizumo21.md,gizumo22.md,gizumo23.md,gizumo24.md,gizumo25.md,gizumo26.md,gizumo27.md,gizumo28.md,gizumo29.md,gizumo30.md,gizumo31.md,gizumo32.md,gizumo33.md,gizumo34.md,gizumo35.md,gizumo36.md,gizumo37.md,gizumo38.md,gizumo39.md,gizumo40.md}
  143  ls
  144  touch {gizumo41.md,gizumo42.md,gizumo43.md,gizumo44.md,gizumo45.md,gizumo46.md,gizumo47.md,gizumo48.md,gizumo49.md,gizumo50.md}
  145  ls
  146  cd /root/server_lesson/linux_practice2
  147  mkdir trash
  148  ls
  149  cd /root/server_lesson/linux_practice2/documents
  150  mv gizumo20.md gizumo21.md trash
  151  ls
  152  cd /root/server_lesson/linux_practice2
  153  mv gizumo20.md gizumo21.md trash
  154  cd /root/server_lesson/linux_practice2/documents
  155  mv gizumo20.md gizumo21.md trash/.
  156  mv gizumo20.md gizumo21.md trash
  157  cd /root/server_lesson/linux_practice2
  158  mv documents/gizumo20.md trash
  159  cd /root/server_lesson/linux_practice2/trash
  160  ls
  161   cd /root/server_lesson/linux_practice2
  162   mv documents/gizumo21.md documents/gizumo22.md trash
  163   cd /root/server_lesson/linux_practice2/trash
  164  ls
  165  cd /root/server_lesson/linux_practice2
  166  mv documents/gizumo23.md documents/gizumo24.md documents/gizumo25.md documents/gizumo26.md documents/gizumo27.md documents/gizumo28.md documents/gizumo29.md documents/gizumo30.md trash
  167  mv documents/gizumo31.md documents/gizumo32.md documents/gizumo33.md documents/gizumo34.md documents/gizumo35.md documents/gizumo36.md documents/gizumo37.md documents/gizumo38.md documents/gizumo39.md ?documents/gizumo40.md trash
  168  cd /root/server_lesson/linux_practice2/trash
  169  ls
  170  cd /root/server_lesson/linux_practice2
  171  mv documents/gizumo40.md trash
  172  cd /root/server_lesson/linux_practice2/trash
  173  ls
  174  cd /root/server_lesson/linux_practice2/documents
  175  ls
  176  cd /root/server_lesson/linux_practice2
  177  touch .gitignore
  178  ls
  179  ls -a
  180  vi .gitignore
  181  cd /root/server_lesson/linux_practice2/trash
  182  ls
  183  cd /root/server_lesson/linux_practice2
  184  vi .gitignore
  185  cd /root/server_lesson/linux_practice2/trash
  186  ls
  187  cd /root/server_lesson/linux_practice2
  188  vi .gitignore
  189  cd /root/server_lesson/linux_practice2/trash
  190  ls
  191  cd /root/server_lesson/linux_practice2
  192  vi .gitignore
  193  cd /root/server_lesson/linux_practice2/trash
  194  ls
  195  cd /root/server_lesson/linux_practice2
  196  vi .gitignore
  197  cd /root/server_lesson/linux_practice2/trash
  198  ls
  199  vi .gitignore 
  200  ls -a
  201  rm .gitignore
  202  ls
  203  cd /root/server_lesson/linux_practice2
  204  vi .gitignore
  205   cd /root/server_lesson/linux_practice2/trash
  206  ls
  207  cd /root/server_lesson/linux_practice
  208  vi .gitignore
  209  rm .gitignore
  210  cd /root/server_lesson/linux_practice2
  211  vi .gitignore
  212  cd /root/server_lesson
  213  history 300
214  cd /root/server_lesson/linux_practice2
  215  touch exec_command.log
  216  vi exec_command.log
  217  vi exec_command.log
  218  ls
  219  ls -a
  220  cd /root/server_lesson
  221  git add /root/server_lesson
  222  git commit -m 'Linux practice'
  223  git config --global user.name "ei1017"
  224  git config --global user.email "tsurugaxotaniy1600@gmail.com"
  225   git config --global -l
  226  git add /root/server_lesson
  227  git commit -m 'Linux practice'
  228  ls linux_practice2/trash/gizumo20.md ~ gizumo29.md
  229  cd/root/server_lesson/linux_practice2/trash
  230  cd /root/server_lesson/linux_practice2
  231  ls
  232   cd /root/server_lesson/linux_practice2/trash
  233  ls
  234  cd /root/server_lesson/linux_practice2
  235  vi .gitignore
  236  cd /root/server_lesson/linux_practice2/trash
  237  ls
  238  ls -files
  239  git ls-files
  240  git rm —cached フ? gizumo2?.md
  241  git rm -cashed gizumo20.md
  242  git rm --cashed gizumo20.md
  243  cd /root/server_lesson/linux_practice2
  244  vi .gitignore
  245   vi .gitignore
  246  cd /root/server_lesson/linux_practice2/trash
  247  ls
  248  ls -files
  249  cd /root/server_lesson/linux_practice2
  250  vi .gitignore
  251  git add  /root/server_lesson
  252  git commit -m 'changed'
  253  cd  /root/server_lesson
  254  git push origin  /root/server_lesson
  255  git push origin /server_lesson
  256  git push origin server_lesson
  257  git restore --staged .
  258  git reset HEAD
  259  git status
  260  cd  /root/server_lesson/linux_practice2
  261  ls
  262  vi .gitignore
  263  vi .gitignore
  264  /root/server_lesson/linux_practice2/trash
  265  ls
  266  cd /root/server_lesson/linux_practice2/trash
  267  ls
  268  cd /root/server_lesson/linux_practice2
  269  vi .gitignore
  270  cd /root/server_lesson/linux_practice2/trash
  271  ls
  272   cd /root/server_lesson/linux_practice2
  273  vi .gitignore
  274  cd /root/server_lesson/linux_practice2/trash
  275  ls
  276  cd /root/server_lesson/linux_practice2
  277  vi .gitignore
  278  cd /root/server_lesson
  279  ls
  280  git add /root/server_lesson
  281  git commit -m "Linux_lesson practice"
  282  git push origin Linux_practice
  283  git remote add origin https://github.com/ei1017/Linux_practice.git
  284  git remote -v
  285  git push origin main
  286  git push origin main
  287  git push origin main
  288  git status
  289  git add.
  290  git add .
  291  git status
  292  cd /
  293  ls
  294  git add .
  295  cd /root/server_lesson
  296  cd /root
  297  ls
  298  cd /root/server_lesson
  299  git status
  300  git log
  301  q
  302  git remote add origin https://github.com/ei1017/Linux_practice.git
  303  git remote -v
  304  git push origin master
  305  cd /root/server_lesson/linux_practice2
  306  vi .gitignore
  307  cd /root/server_lesson
  308  git add .gitignore
  309  cd /root/server_lesson/linux_practice2
  310  git add .gitignore
  311  git commit -m "change .gitignore"
  312  git push origin master
  313  git push origin master
  314  vi .gitignore
  315  cd /root/server_lesson/linux_practice2/trash
  316  ls
  317  git add .
  318  cd /root/server_lesson/linux_practice2
  319  vi exec_command.log
  320  history 300
 1  pwd
    2  cd /root
    3  ls
    4  cd /root/server_lesson
    5  ls
    6   cd /root/server_lesson/linux_practice2
    7  vi .gitignore
    8  cd /root/server_lesson/linux_practice2/trash
    9  ls
   10   cd /root/server_lesson/linux_practice2
   11  git rm -r --cached .gitignore
   12  git add .
   13  git commit -m "update: .gitignore changed"
   14  git push origin master
   15  vi .gitignore
   16  cd /root/server_lesson/linux_practice2/trash
   17  ls
   18  cd /root/server_lesson/linux_practice2
   19  git rm -r --cached .gitignore
   20  git add .gitignore
   21  git commit -m "update: .gitignore changed file-name"
   22  git push origin master
   23  vi .gitignore
   24  git update-index --skip-worktree フ? .gitignore
   25  git update-index --skip-worktree .gitignore 
   26  git status
   27  git add .
   28  git status
   29  git commit -m ".gitignore changed"
   30  git push origin master
   31  cd /root/server_lesson/linux_practice2/trash
   32  ls
   33  cd /root/server_lesson/linux_practice2
   34  vi .gitignore
   35  git update-index --skip-worktree .gitignore
   36  git status
   37  cd /root/server_lesson/linux_practice2/trash
   38  ls
   39  cd /root/server_lesson/linux_practice2
   40  git rm -r --cached .gitignore
   41  git status --ignored
   42  git status
   43  cd /root/server_lesson/linux_practice2/trash
   44  ls
   45  cd /root/server_lesson/linux_practice2
   46  vi .gitignore
   47  cd /root/server_lesson/linux_practice2/trash
   48  ls
   49  cd /root/server_lesson
   50  git add .
   51  git commit -m "update: .gitignore updated"
   52  git push origin master
   53  git status
   54  cd /root/server_lesson/linux_practice2/trash
   55  git rm -r --cached trash
   56  cd /root/server_lesson/linux_practice2
   57  git rm -r --cached trash
   58  vi .gitignore
   59  git add trash
   60  git commit -m "REMOVE: cach of trash is clear"
   61  git push origin master
   62  history 300

